{"contracts/DEX.sol":{"l":{"25":3,"26":3,"27":3,"31":1,"33":1,"34":1,"36":1,"37":1,"39":0,"40":0,"43":1,"45":1,"46":1,"48":1,"49":1,"51":1,"55":0,"56":0,"58":0,"59":0,"61":0,"62":0,"64":0,"65":0,"67":0,"68":0,"70":0,"74":0,"76":0,"78":0,"80":0,"81":0,"83":0,"85":0,"89":0,"91":0,"93":0,"95":0,"96":0,"98":0,"100":0,"104":0,"105":0,"109":1,"115":0,"116":0,"118":0,"119":0,"120":0,"121":0,"125":1,"126":1,"127":1,"128":1,"129":72,"130":72,"133":0},"path":"/app/contracts/DEX.sol","s":{"1":3,"2":1,"3":1,"4":1,"5":1,"6":0,"7":1,"8":1,"9":0,"10":0,"11":0,"12":0,"13":0,"14":0,"15":0,"16":0,"17":0,"18":0,"19":0,"20":0,"21":0,"22":0,"23":0,"24":0,"25":1,"26":0,"27":0,"28":0,"29":0,"30":0,"31":1,"32":1,"33":1,"34":0},"b":{"1":[3,0],"2":[1,0],"3":[1,0],"4":[1,0],"5":[0,0],"6":[1,0],"7":[0,0],"8":[0,0],"9":[0,0],"10":[0,0],"11":[0,0],"12":[0,0],"13":[0,0],"14":[0,0],"15":[0,0],"16":[0,0],"17":[1,0],"18":[0,0]},"f":{"1":3,"2":1,"3":0,"4":0,"5":0,"6":0,"7":1,"8":0,"9":1},"fnMap":{"1":{"name":"constructor","line":24,"loc":{"start":{"line":24,"column":4},"end":{"line":28,"column":4}}},"2":{"name":"addLiquidity","line":30,"loc":{"start":{"line":30,"column":4},"end":{"line":52,"column":4}}},"3":{"name":"removeLiquidity","line":54,"loc":{"start":{"line":54,"column":4},"end":{"line":71,"column":4}}},"4":{"name":"swapAForB","line":73,"loc":{"start":{"line":73,"column":4},"end":{"line":86,"column":4}}},"5":{"name":"swapBForA","line":88,"loc":{"start":{"line":88,"column":4},"end":{"line":101,"column":4}}},"6":{"name":"getPrice","line":103,"loc":{"start":{"line":103,"column":4},"end":{"line":106,"column":4}}},"7":{"name":"getReserves","line":108,"loc":{"start":{"line":108,"column":4},"end":{"line":110,"column":4}}},"8":{"name":"getAmountOut","line":112,"loc":{"start":{"line":112,"column":4},"end":{"line":122,"column":4}}},"9":{"name":"sqrt","line":124,"loc":{"start":{"line":124,"column":4},"end":{"line":135,"column":4}}}},"statementMap":{"1":{"start":{"line":25,"column":8},"end":{"line":25,"column":54}},"2":{"start":{"line":31,"column":8},"end":{"line":31,"column":57}},"3":{"start":{"line":33,"column":8},"end":{"line":33,"column":74}},"4":{"start":{"line":34,"column":8},"end":{"line":34,"column":74}},"5":{"start":{"line":36,"column":8},"end":{"line":36,"column":1384}},"6":{"start":{"line":39,"column":12},"end":{"line":39,"column":73}},"7":{"start":{"line":43,"column":8},"end":{"line":43,"column":53}},"8":{"start":{"line":51,"column":8},"end":{"line":51,"column":74}},"9":{"start":{"line":55,"column":8},"end":{"line":55,"column":50}},"10":{"start":{"line":56,"column":8},"end":{"line":56,"column":73}},"11":{"start":{"line":67,"column":8},"end":{"line":67,"column":55}},"12":{"start":{"line":68,"column":8},"end":{"line":68,"column":55}},"13":{"start":{"line":70,"column":8},"end":{"line":70,"column":76}},"14":{"start":{"line":74,"column":8},"end":{"line":74,"column":42}},"15":{"start":{"line":76,"column":8},"end":{"line":76,"column":76}},"16":{"start":{"line":83,"column":8},"end":{"line":83,"column":58}},"17":{"start":{"line":85,"column":8},"end":{"line":85,"column":68}},"18":{"start":{"line":89,"column":8},"end":{"line":89,"column":42}},"19":{"start":{"line":91,"column":8},"end":{"line":91,"column":76}},"20":{"start":{"line":98,"column":8},"end":{"line":98,"column":58}},"21":{"start":{"line":100,"column":8},"end":{"line":100,"column":68}},"22":{"start":{"line":104,"column":8},"end":{"line":104,"column":35}},"23":{"start":{"line":104,"column":27},"end":{"line":104,"column":35}},"24":{"start":{"line":105,"column":8},"end":{"line":105,"column":34}},"25":{"start":{"line":109,"column":8},"end":{"line":109,"column":35}},"26":{"start":{"line":115,"column":8},"end":{"line":115,"column":39}},"27":{"start":{"line":116,"column":8},"end":{"line":116,"column":57}},"28":{"start":{"line":118,"column":8},"end":{"line":118,"column":48}},"29":{"start":{"line":119,"column":8},"end":{"line":119,"column":56}},"30":{"start":{"line":120,"column":8},"end":{"line":120,"column":66}},"31":{"start":{"line":125,"column":8},"end":{"line":125,"column":4470}},"32":{"start":{"line":127,"column":12},"end":{"line":127,"column":33}},"33":{"start":{"line":128,"column":12},"end":{"line":128,"column":4553}},"34":{"start":{"line":132,"column":15},"end":{"line":132,"column":4654}}},"branchMap":{"1":{"line":25,"type":"if","locations":[{"start":{"line":25,"column":8},"end":{"line":25,"column":8}},{"start":{"line":25,"column":8},"end":{"line":25,"column":8}}]},"2":{"line":30,"type":"if","locations":[{"start":{"line":30,"column":69},"end":{"line":30,"column":69}},{"start":{"line":30,"column":69},"end":{"line":30,"column":69}}]},"3":{"line":31,"type":"if","locations":[{"start":{"line":31,"column":8},"end":{"line":31,"column":8}},{"start":{"line":31,"column":8},"end":{"line":31,"column":8}}]},"4":{"line":36,"type":"if","locations":[{"start":{"line":36,"column":8},"end":{"line":36,"column":8}},{"start":{"line":36,"column":8},"end":{"line":36,"column":8}}]},"5":{"line":39,"type":"if","locations":[{"start":{"line":39,"column":12},"end":{"line":39,"column":12}},{"start":{"line":39,"column":12},"end":{"line":39,"column":12}}]},"6":{"line":43,"type":"if","locations":[{"start":{"line":43,"column":8},"end":{"line":43,"column":8}},{"start":{"line":43,"column":8},"end":{"line":43,"column":8}}]},"7":{"line":54,"type":"if","locations":[{"start":{"line":54,"column":63},"end":{"line":54,"column":63}},{"start":{"line":54,"column":63},"end":{"line":54,"column":63}}]},"8":{"line":55,"type":"if","locations":[{"start":{"line":55,"column":8},"end":{"line":55,"column":8}},{"start":{"line":55,"column":8},"end":{"line":55,"column":8}}]},"9":{"line":56,"type":"if","locations":[{"start":{"line":56,"column":8},"end":{"line":56,"column":8}},{"start":{"line":56,"column":8},"end":{"line":56,"column":8}}]},"10":{"line":73,"type":"if","locations":[{"start":{"line":73,"column":51},"end":{"line":73,"column":51}},{"start":{"line":73,"column":51},"end":{"line":73,"column":51}}]},"11":{"line":74,"type":"if","locations":[{"start":{"line":74,"column":8},"end":{"line":74,"column":8}},{"start":{"line":74,"column":8},"end":{"line":74,"column":8}}]},"12":{"line":88,"type":"if","locations":[{"start":{"line":88,"column":51},"end":{"line":88,"column":51}},{"start":{"line":88,"column":51},"end":{"line":88,"column":51}}]},"13":{"line":89,"type":"if","locations":[{"start":{"line":89,"column":8},"end":{"line":89,"column":8}},{"start":{"line":89,"column":8},"end":{"line":89,"column":8}}]},"14":{"line":104,"type":"if","locations":[{"start":{"line":104,"column":8},"end":{"line":104,"column":8}},{"start":{"line":104,"column":8},"end":{"line":104,"column":8}}]},"15":{"line":115,"type":"if","locations":[{"start":{"line":115,"column":8},"end":{"line":115,"column":8}},{"start":{"line":115,"column":8},"end":{"line":115,"column":8}}]},"16":{"line":116,"type":"if","locations":[{"start":{"line":116,"column":8},"end":{"line":116,"column":8}},{"start":{"line":116,"column":8},"end":{"line":116,"column":8}}]},"17":{"line":125,"type":"if","locations":[{"start":{"line":125,"column":8},"end":{"line":125,"column":8}},{"start":{"line":125,"column":8},"end":{"line":125,"column":8}}]},"18":{"line":132,"type":"if","locations":[{"start":{"line":132,"column":15},"end":{"line":132,"column":15}},{"start":{"line":132,"column":15},"end":{"line":132,"column":15}}]}}},"contracts/MockERC20.sol":{"l":{"8":6,"12":0},"path":"/app/contracts/MockERC20.sol","s":{"1":6,"2":0},"b":{},"f":{"1":6,"2":0},"fnMap":{"1":{"name":"constructor","line":7,"loc":{"start":{"line":7,"column":4},"end":{"line":9,"column":4}}},"2":{"name":"mint","line":11,"loc":{"start":{"line":11,"column":4},"end":{"line":13,"column":4}}}},"statementMap":{"1":{"start":{"line":8,"column":8},"end":{"line":8,"column":41}},"2":{"start":{"line":12,"column":8},"end":{"line":12,"column":24}}},"branchMap":{}}}