TN:
SF:/app/contracts/DEX.sol
FN:24,constructor
FN:30,addLiquidity
FN:54,removeLiquidity
FN:73,swapAForB
FN:88,swapBForA
FN:103,getPrice
FN:108,getReserves
FN:112,getAmountOut
FN:124,sqrt
FNF:9
FNH:4
FNDA:3,constructor
FNDA:1,addLiquidity
FNDA:0,removeLiquidity
FNDA:0,swapAForB
FNDA:0,swapBForA
FNDA:0,getPrice
FNDA:1,getReserves
FNDA:0,getAmountOut
FNDA:1,sqrt
DA:25,3
DA:26,3
DA:27,3
DA:31,1
DA:33,1
DA:34,1
DA:36,1
DA:37,1
DA:39,0
DA:40,0
DA:43,1
DA:45,1
DA:46,1
DA:48,1
DA:49,1
DA:51,1
DA:55,0
DA:56,0
DA:58,0
DA:59,0
DA:61,0
DA:62,0
DA:64,0
DA:65,0
DA:67,0
DA:68,0
DA:70,0
DA:74,0
DA:76,0
DA:78,0
DA:80,0
DA:81,0
DA:83,0
DA:85,0
DA:89,0
DA:91,0
DA:93,0
DA:95,0
DA:96,0
DA:98,0
DA:100,0
DA:104,0
DA:105,0
DA:109,1
DA:115,0
DA:116,0
DA:118,0
DA:119,0
DA:120,0
DA:121,0
DA:125,1
DA:126,1
DA:127,1
DA:128,1
DA:129,72
DA:130,72
DA:133,0
LF:57
LH:21
BRDA:25,1,0,3
BRDA:25,1,1,0
BRDA:30,2,0,1
BRDA:30,2,1,0
BRDA:31,3,0,1
BRDA:31,3,1,0
BRDA:36,4,0,1
BRDA:36,4,1,0
BRDA:39,5,0,0
BRDA:39,5,1,0
BRDA:43,6,0,1
BRDA:43,6,1,0
BRDA:54,7,0,0
BRDA:54,7,1,0
BRDA:55,8,0,0
BRDA:55,8,1,0
BRDA:56,9,0,0
BRDA:56,9,1,0
BRDA:73,10,0,0
BRDA:73,10,1,0
BRDA:74,11,0,0
BRDA:74,11,1,0
BRDA:88,12,0,0
BRDA:88,12,1,0
BRDA:89,13,0,0
BRDA:89,13,1,0
BRDA:104,14,0,0
BRDA:104,14,1,0
BRDA:115,15,0,0
BRDA:115,15,1,0
BRDA:116,16,0,0
BRDA:116,16,1,0
BRDA:125,17,0,1
BRDA:125,17,1,0
BRDA:132,18,0,0
BRDA:132,18,1,0
BRF:36
BRH:6
end_of_record
TN:
SF:/app/contracts/MockERC20.sol
FN:7,constructor
FN:11,mint
FNF:2
FNH:1
FNDA:6,constructor
FNDA:0,mint
DA:8,6
DA:12,0
LF:2
LH:1
BRF:0
BRH:0
end_of_record
